The system is: Darwin - 12.5.0 - i386
Compiling the C compiler identification source file "CMakeCCompilerId.c" succeeded.
Compiler: /usr/bin/cc 
Build flags: 
Id flags: 

The output was:
0


Compilation of the C compiler identification source "CMakeCCompilerId.c" produced "a.out"

The C compiler identification is Clang, found in "/Users/eight/Documents/examples/pcl_fast_triangulation_unordered_point_clouds/build/CMakeFiles/2.8.12/CompilerIdC/a.out"

Compiling the CXX compiler identification source file "CMakeCXXCompilerId.cpp" succeeded.
Compiler: /usr/bin/c++ 
Build flags: 
Id flags: 

The output was:
0


Compilation of the CXX compiler identification source "CMakeCXXCompilerId.cpp" produced "a.out"

The CXX compiler identification is Clang, found in "/Users/eight/Documents/examples/pcl_fast_triangulation_unordered_point_clouds/build/CMakeFiles/2.8.12/CompilerIdCXX/a.out"

Determining if the C compiler works passed with the following output:
Change Dir: /Users/eight/Documents/examples/pcl_fast_triangulation_unordered_point_clouds/build/CMakeFiles/CMakeTmp

Run Build Command:/usr/bin/make "cmTryCompileExec3985638323/fast"
/usr/bin/make -f CMakeFiles/cmTryCompileExec3985638323.dir/build.make CMakeFiles/cmTryCompileExec3985638323.dir/build
/usr/local/Cellar/cmake/2.8.12/bin/cmake -E cmake_progress_report /Users/eight/Documents/examples/pcl_fast_triangulation_unordered_point_clouds/build/CMakeFiles/CMakeTmp/CMakeFiles 1
Building C object CMakeFiles/cmTryCompileExec3985638323.dir/testCCompiler.c.o
/usr/bin/cc    -o CMakeFiles/cmTryCompileExec3985638323.dir/testCCompiler.c.o   -c /Users/eight/Documents/examples/pcl_fast_triangulation_unordered_point_clouds/build/CMakeFiles/CMakeTmp/testCCompiler.c
Linking C executable cmTryCompileExec3985638323
/usr/local/Cellar/cmake/2.8.12/bin/cmake -E cmake_link_script CMakeFiles/cmTryCompileExec3985638323.dir/link.txt --verbose=1
/usr/bin/cc    -Wl,-search_paths_first -Wl,-headerpad_max_install_names   CMakeFiles/cmTryCompileExec3985638323.dir/testCCompiler.c.o  -o cmTryCompileExec3985638323  


Detecting C compiler ABI info compiled with the following output:
Change Dir: /Users/eight/Documents/examples/pcl_fast_triangulation_unordered_point_clouds/build/CMakeFiles/CMakeTmp

Run Build Command:/usr/bin/make "cmTryCompileExec851948/fast"
/usr/bin/make -f CMakeFiles/cmTryCompileExec851948.dir/build.make CMakeFiles/cmTryCompileExec851948.dir/build
/usr/local/Cellar/cmake/2.8.12/bin/cmake -E cmake_progress_report /Users/eight/Documents/examples/pcl_fast_triangulation_unordered_point_clouds/build/CMakeFiles/CMakeTmp/CMakeFiles 1
Building C object CMakeFiles/cmTryCompileExec851948.dir/CMakeCCompilerABI.c.o
/usr/bin/cc    -o CMakeFiles/cmTryCompileExec851948.dir/CMakeCCompilerABI.c.o   -c /usr/local/Cellar/cmake/2.8.12/share/cmake/Modules/CMakeCCompilerABI.c
Linking C executable cmTryCompileExec851948
/usr/local/Cellar/cmake/2.8.12/bin/cmake -E cmake_link_script CMakeFiles/cmTryCompileExec851948.dir/link.txt --verbose=1
/usr/bin/cc    -Wl,-search_paths_first -Wl,-headerpad_max_install_names -v -Wl,-v CMakeFiles/cmTryCompileExec851948.dir/CMakeCCompilerABI.c.o  -o cmTryCompileExec851948   
Apple LLVM version 5.0 (clang-500.2.75) (based on LLVM 3.3svn)
Target: x86_64-apple-darwin12.5.0
Thread model: posix
 "/usr/bin/ld" -demangle -dynamic -arch x86_64 -macosx_version_min 10.8.0 -o cmTryCompileExec851948 -search_paths_first -headerpad_max_install_names -v CMakeFiles/cmTryCompileExec851948.dir/CMakeCCompilerABI.c.o -lSystem /usr/bin/../lib/clang/5.0/lib/darwin/libclang_rt.osx.a
@(#)PROGRAM:ld  PROJECT:ld64-224.1
configured to support archs: armv6 armv7 armv7s arm64 i386 x86_64 armv6m armv7m armv7em
Library search paths:
	/usr/lib
	/usr/local/lib
Framework search paths:
	/Library/Frameworks/
	/System/Library/Frameworks/


Parsed C implicit link information from above output:
  link line regex: [^( *|.*[/\])(ld|([^/\]+-)?ld|collect2)[^/\]*( |$)]
  ignore line: [Change Dir: /Users/eight/Documents/examples/pcl_fast_triangulation_unordered_point_clouds/build/CMakeFiles/CMakeTmp]
  ignore line: []
  ignore line: [Run Build Command:/usr/bin/make "cmTryCompileExec851948/fast"]
  ignore line: [/usr/bin/make -f CMakeFiles/cmTryCompileExec851948.dir/build.make CMakeFiles/cmTryCompileExec851948.dir/build]
  ignore line: [/usr/local/Cellar/cmake/2.8.12/bin/cmake -E cmake_progress_report /Users/eight/Documents/examples/pcl_fast_triangulation_unordered_point_clouds/build/CMakeFiles/CMakeTmp/CMakeFiles 1]
  ignore line: [Building C object CMakeFiles/cmTryCompileExec851948.dir/CMakeCCompilerABI.c.o]
  ignore line: [/usr/bin/cc    -o CMakeFiles/cmTryCompileExec851948.dir/CMakeCCompilerABI.c.o   -c /usr/local/Cellar/cmake/2.8.12/share/cmake/Modules/CMakeCCompilerABI.c]
  ignore line: [Linking C executable cmTryCompileExec851948]
  ignore line: [/usr/local/Cellar/cmake/2.8.12/bin/cmake -E cmake_link_script CMakeFiles/cmTryCompileExec851948.dir/link.txt --verbose=1]
  ignore line: [/usr/bin/cc    -Wl,-search_paths_first -Wl,-headerpad_max_install_names -v -Wl,-v CMakeFiles/cmTryCompileExec851948.dir/CMakeCCompilerABI.c.o  -o cmTryCompileExec851948   ]
  ignore line: [Apple LLVM version 5.0 (clang-500.2.75) (based on LLVM 3.3svn)]
  ignore line: [Target: x86_64-apple-darwin12.5.0]
  ignore line: [Thread model: posix]
  link line: [ "/usr/bin/ld" -demangle -dynamic -arch x86_64 -macosx_version_min 10.8.0 -o cmTryCompileExec851948 -search_paths_first -headerpad_max_install_names -v CMakeFiles/cmTryCompileExec851948.dir/CMakeCCompilerABI.c.o -lSystem /usr/bin/../lib/clang/5.0/lib/darwin/libclang_rt.osx.a]
    arg [/usr/bin/ld] ==> ignore
    arg [-demangle] ==> ignore
    arg [-dynamic] ==> ignore
    arg [-arch] ==> ignore
    arg [x86_64] ==> ignore
    arg [-macosx_version_min] ==> ignore
    arg [10.8.0] ==> ignore
    arg [-o] ==> ignore
    arg [cmTryCompileExec851948] ==> ignore
    arg [-search_paths_first] ==> ignore
    arg [-headerpad_max_install_names] ==> ignore
    arg [-v] ==> ignore
    arg [CMakeFiles/cmTryCompileExec851948.dir/CMakeCCompilerABI.c.o] ==> ignore
    arg [-lSystem] ==> lib [System]
    arg [/usr/bin/../lib/clang/5.0/lib/darwin/libclang_rt.osx.a] ==> lib [/usr/bin/../lib/clang/5.0/lib/darwin/libclang_rt.osx.a]
  Library search paths: [;/usr/lib;/usr/local/lib]
  Framework search paths: [;/Library/Frameworks/;/System/Library/Frameworks/]
  remove lib [System]
  collapse lib [/usr/bin/../lib/clang/5.0/lib/darwin/libclang_rt.osx.a] ==> [/usr/lib/clang/5.0/lib/darwin/libclang_rt.osx.a]
  collapse library dir [/usr/lib] ==> [/usr/lib]
  collapse library dir [/usr/local/lib] ==> [/usr/local/lib]
  collapse framework dir [/Library/Frameworks/] ==> [/Library/Frameworks]
  collapse framework dir [/System/Library/Frameworks/] ==> [/System/Library/Frameworks]
  implicit libs: [/usr/lib/clang/5.0/lib/darwin/libclang_rt.osx.a]
  implicit dirs: [/usr/lib;/usr/local/lib]
  implicit fwks: [/Library/Frameworks;/System/Library/Frameworks]


Determining if the CXX compiler works passed with the following output:
Change Dir: /Users/eight/Documents/examples/pcl_fast_triangulation_unordered_point_clouds/build/CMakeFiles/CMakeTmp

Run Build Command:/usr/bin/make "cmTryCompileExec235531637/fast"
/usr/bin/make -f CMakeFiles/cmTryCompileExec235531637.dir/build.make CMakeFiles/cmTryCompileExec235531637.dir/build
/usr/local/Cellar/cmake/2.8.12/bin/cmake -E cmake_progress_report /Users/eight/Documents/examples/pcl_fast_triangulation_unordered_point_clouds/build/CMakeFiles/CMakeTmp/CMakeFiles 1
Building CXX object CMakeFiles/cmTryCompileExec235531637.dir/testCXXCompiler.cxx.o
/usr/bin/c++     -o CMakeFiles/cmTryCompileExec235531637.dir/testCXXCompiler.cxx.o -c /Users/eight/Documents/examples/pcl_fast_triangulation_unordered_point_clouds/build/CMakeFiles/CMakeTmp/testCXXCompiler.cxx
Linking CXX executable cmTryCompileExec235531637
/usr/local/Cellar/cmake/2.8.12/bin/cmake -E cmake_link_script CMakeFiles/cmTryCompileExec235531637.dir/link.txt --verbose=1
/usr/bin/c++     -Wl,-search_paths_first -Wl,-headerpad_max_install_names   CMakeFiles/cmTryCompileExec235531637.dir/testCXXCompiler.cxx.o  -o cmTryCompileExec235531637  


Detecting CXX compiler ABI info compiled with the following output:
Change Dir: /Users/eight/Documents/examples/pcl_fast_triangulation_unordered_point_clouds/build/CMakeFiles/CMakeTmp

Run Build Command:/usr/bin/make "cmTryCompileExec3886968426/fast"
/usr/bin/make -f CMakeFiles/cmTryCompileExec3886968426.dir/build.make CMakeFiles/cmTryCompileExec3886968426.dir/build
/usr/local/Cellar/cmake/2.8.12/bin/cmake -E cmake_progress_report /Users/eight/Documents/examples/pcl_fast_triangulation_unordered_point_clouds/build/CMakeFiles/CMakeTmp/CMakeFiles 1
Building CXX object CMakeFiles/cmTryCompileExec3886968426.dir/CMakeCXXCompilerABI.cpp.o
/usr/bin/c++     -o CMakeFiles/cmTryCompileExec3886968426.dir/CMakeCXXCompilerABI.cpp.o -c /usr/local/Cellar/cmake/2.8.12/share/cmake/Modules/CMakeCXXCompilerABI.cpp
Linking CXX executable cmTryCompileExec3886968426
/usr/local/Cellar/cmake/2.8.12/bin/cmake -E cmake_link_script CMakeFiles/cmTryCompileExec3886968426.dir/link.txt --verbose=1
/usr/bin/c++     -Wl,-search_paths_first -Wl,-headerpad_max_install_names -v -Wl,-v CMakeFiles/cmTryCompileExec3886968426.dir/CMakeCXXCompilerABI.cpp.o  -o cmTryCompileExec3886968426   
Apple LLVM version 5.0 (clang-500.2.75) (based on LLVM 3.3svn)
Target: x86_64-apple-darwin12.5.0
Thread model: posix
 "/usr/bin/ld" -demangle -dynamic -arch x86_64 -macosx_version_min 10.8.0 -o cmTryCompileExec3886968426 -search_paths_first -headerpad_max_install_names -v CMakeFiles/cmTryCompileExec3886968426.dir/CMakeCXXCompilerABI.cpp.o -lstdc++ -lSystem /usr/bin/../lib/clang/5.0/lib/darwin/libclang_rt.osx.a
@(#)PROGRAM:ld  PROJECT:ld64-224.1
configured to support archs: armv6 armv7 armv7s arm64 i386 x86_64 armv6m armv7m armv7em
Library search paths:
	/usr/lib
	/usr/local/lib
Framework search paths:
	/Library/Frameworks/
	/System/Library/Frameworks/


Parsed CXX implicit link information from above output:
  link line regex: [^( *|.*[/\])(ld|([^/\]+-)?ld|collect2)[^/\]*( |$)]
  ignore line: [Change Dir: /Users/eight/Documents/examples/pcl_fast_triangulation_unordered_point_clouds/build/CMakeFiles/CMakeTmp]
  ignore line: []
  ignore line: [Run Build Command:/usr/bin/make "cmTryCompileExec3886968426/fast"]
  ignore line: [/usr/bin/make -f CMakeFiles/cmTryCompileExec3886968426.dir/build.make CMakeFiles/cmTryCompileExec3886968426.dir/build]
  ignore line: [/usr/local/Cellar/cmake/2.8.12/bin/cmake -E cmake_progress_report /Users/eight/Documents/examples/pcl_fast_triangulation_unordered_point_clouds/build/CMakeFiles/CMakeTmp/CMakeFiles 1]
  ignore line: [Building CXX object CMakeFiles/cmTryCompileExec3886968426.dir/CMakeCXXCompilerABI.cpp.o]
  ignore line: [/usr/bin/c++     -o CMakeFiles/cmTryCompileExec3886968426.dir/CMakeCXXCompilerABI.cpp.o -c /usr/local/Cellar/cmake/2.8.12/share/cmake/Modules/CMakeCXXCompilerABI.cpp]
  ignore line: [Linking CXX executable cmTryCompileExec3886968426]
  ignore line: [/usr/local/Cellar/cmake/2.8.12/bin/cmake -E cmake_link_script CMakeFiles/cmTryCompileExec3886968426.dir/link.txt --verbose=1]
  ignore line: [/usr/bin/c++     -Wl,-search_paths_first -Wl,-headerpad_max_install_names -v -Wl,-v CMakeFiles/cmTryCompileExec3886968426.dir/CMakeCXXCompilerABI.cpp.o  -o cmTryCompileExec3886968426   ]
  ignore line: [Apple LLVM version 5.0 (clang-500.2.75) (based on LLVM 3.3svn)]
  ignore line: [Target: x86_64-apple-darwin12.5.0]
  ignore line: [Thread model: posix]
  link line: [ "/usr/bin/ld" -demangle -dynamic -arch x86_64 -macosx_version_min 10.8.0 -o cmTryCompileExec3886968426 -search_paths_first -headerpad_max_install_names -v CMakeFiles/cmTryCompileExec3886968426.dir/CMakeCXXCompilerABI.cpp.o -lstdc++ -lSystem /usr/bin/../lib/clang/5.0/lib/darwin/libclang_rt.osx.a]
    arg [/usr/bin/ld] ==> ignore
    arg [-demangle] ==> ignore
    arg [-dynamic] ==> ignore
    arg [-arch] ==> ignore
    arg [x86_64] ==> ignore
    arg [-macosx_version_min] ==> ignore
    arg [10.8.0] ==> ignore
    arg [-o] ==> ignore
    arg [cmTryCompileExec3886968426] ==> ignore
    arg [-search_paths_first] ==> ignore
    arg [-headerpad_max_install_names] ==> ignore
    arg [-v] ==> ignore
    arg [CMakeFiles/cmTryCompileExec3886968426.dir/CMakeCXXCompilerABI.cpp.o] ==> ignore
    arg [-lstdc++] ==> lib [stdc++]
    arg [-lSystem] ==> lib [System]
    arg [/usr/bin/../lib/clang/5.0/lib/darwin/libclang_rt.osx.a] ==> lib [/usr/bin/../lib/clang/5.0/lib/darwin/libclang_rt.osx.a]
  Library search paths: [;/usr/lib;/usr/local/lib]
  Framework search paths: [;/Library/Frameworks/;/System/Library/Frameworks/]
  remove lib [System]
  collapse lib [/usr/bin/../lib/clang/5.0/lib/darwin/libclang_rt.osx.a] ==> [/usr/lib/clang/5.0/lib/darwin/libclang_rt.osx.a]
  collapse library dir [/usr/lib] ==> [/usr/lib]
  collapse library dir [/usr/local/lib] ==> [/usr/local/lib]
  collapse framework dir [/Library/Frameworks/] ==> [/Library/Frameworks]
  collapse framework dir [/System/Library/Frameworks/] ==> [/System/Library/Frameworks]
  implicit libs: [stdc++;/usr/lib/clang/5.0/lib/darwin/libclang_rt.osx.a]
  implicit dirs: [/usr/lib;/usr/local/lib]
  implicit fwks: [/Library/Frameworks;/System/Library/Frameworks]


